21/01/30 21:02:15 WARN NativeCodeLoader: Unable to load native-hadoop library for your platform... using builtin-java classes where applicable
21/01/30 21:02:15 INFO SecurityManager: Changing view acls to: boukary
21/01/30 21:02:15 INFO SecurityManager: Changing modify acls to: boukary
21/01/30 21:02:15 INFO SecurityManager: Changing view acls groups to: 
21/01/30 21:02:15 INFO SecurityManager: Changing modify acls groups to: 
21/01/30 21:02:15 INFO SecurityManager: SecurityManager: authentication disabled; ui acls disabled; users  with view permissions: Set(boukary); groups with view permissions: Set(); users  with modify permissions: Set(boukary); groups with modify permissions: Set()
21/01/30 21:02:16 INFO HiveConf: Found configuration file file:/home/boukary/.cache/spark/spark-3.0.0-bin-hadoop2.7/conf/hive-site.xml
21/01/30 21:02:16 INFO SparkContext: Running Spark version 3.0.0
21/01/30 21:02:16 INFO ResourceUtils: ==============================================================
21/01/30 21:02:16 INFO ResourceUtils: Resources for spark.driver:

21/01/30 21:02:16 INFO ResourceUtils: ==============================================================
21/01/30 21:02:16 INFO SparkContext: Submitted application: sparklyr
21/01/30 21:02:16 INFO SecurityManager: Changing view acls to: boukary
21/01/30 21:02:16 INFO SecurityManager: Changing modify acls to: boukary
21/01/30 21:02:16 INFO SecurityManager: Changing view acls groups to: 
21/01/30 21:02:16 INFO SecurityManager: Changing modify acls groups to: 
21/01/30 21:02:16 INFO SecurityManager: SecurityManager: authentication disabled; ui acls disabled; users  with view permissions: Set(boukary); groups with view permissions: Set(); users  with modify permissions: Set(boukary); groups with modify permissions: Set()
21/01/30 21:02:17 INFO Utils: Successfully started service 'sparkDriver' on port 42625.
21/01/30 21:02:17 INFO SparkEnv: Registering MapOutputTracker
21/01/30 21:02:17 INFO SparkEnv: Registering BlockManagerMaster
21/01/30 21:02:17 INFO BlockManagerMasterEndpoint: Using org.apache.spark.storage.DefaultTopologyMapper for getting topology information
21/01/30 21:02:17 INFO BlockManagerMasterEndpoint: BlockManagerMasterEndpoint up
21/01/30 21:02:17 INFO SparkEnv: Registering BlockManagerMasterHeartbeat
21/01/30 21:02:17 INFO DiskBlockManager: Created local directory at /tmp/blockmgr-b5fff0eb-9e6b-4ce7-ab28-ab7b36c20125
21/01/30 21:02:17 INFO MemoryStore: MemoryStore started with capacity 1048.8 MiB
21/01/30 21:02:17 INFO SparkEnv: Registering OutputCommitCoordinator
21/01/30 21:02:17 INFO Utils: Successfully started service 'SparkUI' on port 4040.
21/01/30 21:02:17 INFO SparkUI: Bound SparkUI to 127.0.0.1, and started at http://localhost:4040
21/01/30 21:02:17 INFO SparkContext: Added JAR file:/home/boukary/R/x86_64-pc-linux-gnu-library/4.0/sparklyr/java/sparklyr-3.0-2.12.jar at spark://localhost:42625/jars/sparklyr-3.0-2.12.jar with timestamp 1612036937617
21/01/30 21:02:17 INFO Executor: Starting executor ID driver on host localhost
21/01/30 21:02:17 INFO Utils: Successfully started service 'org.apache.spark.network.netty.NettyBlockTransferService' on port 36011.
21/01/30 21:02:17 INFO NettyBlockTransferService: Server created on localhost:36011
21/01/30 21:02:17 INFO BlockManager: Using org.apache.spark.storage.RandomBlockReplicationPolicy for block replication policy
21/01/30 21:02:17 INFO BlockManagerMaster: Registering BlockManager BlockManagerId(driver, localhost, 36011, None)
21/01/30 21:02:17 INFO BlockManagerMasterEndpoint: Registering block manager localhost:36011 with 1048.8 MiB RAM, BlockManagerId(driver, localhost, 36011, None)
21/01/30 21:02:17 INFO BlockManagerMaster: Registered BlockManager BlockManagerId(driver, localhost, 36011, None)
21/01/30 21:02:17 INFO BlockManager: Initialized BlockManager: BlockManagerId(driver, localhost, 36011, None)
21/01/30 21:02:18 INFO SharedState: loading hive config file: file:/home/boukary/.cache/spark/spark-3.0.0-bin-hadoop2.7/conf/hive-site.xml
21/01/30 21:02:18 INFO SharedState: Setting hive.metastore.warehouse.dir ('null') to the value of spark.sql.warehouse.dir ('file:/home/boukary/wd/SITES/siteweb/spark-warehouse').
21/01/30 21:02:18 INFO SharedState: Warehouse path is 'file:/home/boukary/wd/SITES/siteweb/spark-warehouse'.
21/01/30 21:02:21 INFO HiveUtils: Initializing HiveMetastoreConnection version 2.3.7 using Spark classes.
21/01/30 21:02:21 INFO SessionState: Created HDFS directory: /tmp/hive/boukary
21/01/30 21:02:22 INFO SessionState: Created local directory: /tmp/boukary
21/01/30 21:02:22 INFO SessionState: Created HDFS directory: /tmp/hive/boukary/d588d567-64d3-4dac-91e7-1a3537accf5a
21/01/30 21:02:22 INFO SessionState: Created local directory: /tmp/boukary/d588d567-64d3-4dac-91e7-1a3537accf5a
21/01/30 21:02:22 INFO SessionState: Created HDFS directory: /tmp/hive/boukary/d588d567-64d3-4dac-91e7-1a3537accf5a/_tmp_space.db
21/01/30 21:02:22 INFO HiveClientImpl: Warehouse location for Hive client (version 2.3.7) is file:/home/boukary/wd/SITES/siteweb/spark-warehouse
21/01/30 21:02:22 WARN HiveConf: HiveConf of name hive.stats.jdbc.timeout does not exist
21/01/30 21:02:22 WARN HiveConf: HiveConf of name hive.stats.retries.wait does not exist
21/01/30 21:02:22 INFO HiveMetaStore: 0: Opening raw store with implementation class:org.apache.hadoop.hive.metastore.ObjectStore
21/01/30 21:02:22 INFO ObjectStore: ObjectStore, initialize called
21/01/30 21:02:22 INFO Persistence: Property hive.metastore.integral.jdo.pushdown unknown - will be ignored
21/01/30 21:02:22 INFO Persistence: Property datanucleus.cache.level2 unknown - will be ignored
21/01/30 21:02:24 INFO ObjectStore: Setting MetaStore object pin classes with hive.metastore.cache.pinobjtypes="Table,StorageDescriptor,SerDeInfo,Partition,Database,Type,FieldSchema,Order"
21/01/30 21:02:26 INFO MetaStoreDirectSql: Using direct SQL, underlying DB is DERBY
21/01/30 21:02:26 INFO ObjectStore: Initialized ObjectStore
21/01/30 21:02:26 WARN ObjectStore: Version information not found in metastore. hive.metastore.schema.verification is not enabled so recording the schema version 2.3.0
21/01/30 21:02:26 WARN ObjectStore: setMetaStoreSchemaVersion called but recording version is disabled: version = 2.3.0, comment = Set by MetaStore boukary@127.0.1.1
21/01/30 21:02:26 WARN ObjectStore: Failed to get database default, returning NoSuchObjectException
21/01/30 21:02:27 INFO HiveMetaStore: Added admin role in metastore
21/01/30 21:02:27 INFO HiveMetaStore: Added public role in metastore
21/01/30 21:02:27 INFO HiveMetaStore: No user is added in admin role, since config is empty
21/01/30 21:02:27 INFO HiveMetaStore: 0: get_all_functions
21/01/30 21:02:27 INFO audit: ugi=boukary	ip=unknown-ip-addr	cmd=get_all_functions	
21/01/30 21:02:27 INFO HiveMetaStore: 0: get_database: default
21/01/30 21:02:27 INFO audit: ugi=boukary	ip=unknown-ip-addr	cmd=get_database: default	
21/01/30 21:02:27 INFO HiveMetaStore: 0: get_database: global_temp
21/01/30 21:02:27 INFO audit: ugi=boukary	ip=unknown-ip-addr	cmd=get_database: global_temp	
21/01/30 21:02:27 WARN ObjectStore: Failed to get database global_temp, returning NoSuchObjectException
21/01/30 21:02:27 INFO HiveMetaStore: 0: get_database: default
21/01/30 21:02:27 INFO audit: ugi=boukary	ip=unknown-ip-addr	cmd=get_database: default	
21/01/30 21:02:27 INFO HiveMetaStore: 0: get_database: default
21/01/30 21:02:27 INFO audit: ugi=boukary	ip=unknown-ip-addr	cmd=get_database: default	
21/01/30 21:02:27 INFO HiveMetaStore: 0: get_tables: db=default pat=*
21/01/30 21:02:27 INFO audit: ugi=boukary	ip=unknown-ip-addr	cmd=get_tables: db=default pat=*	
21/01/30 21:02:28 INFO CodeGenerator: Code generated in 452.496832 ms
21/01/30 21:02:28 INFO CodeGenerator: Code generated in 23.683976 ms
21/01/30 21:02:29 INFO SparkContext: Starting job: count at utils.scala:114
21/01/30 21:02:29 INFO DAGScheduler: Registering RDD 2 (count at utils.scala:114) as input to shuffle 0
21/01/30 21:02:29 INFO DAGScheduler: Got job 0 (count at utils.scala:114) with 1 output partitions
21/01/30 21:02:29 INFO DAGScheduler: Final stage: ResultStage 1 (count at utils.scala:114)
21/01/30 21:02:29 INFO DAGScheduler: Parents of final stage: List(ShuffleMapStage 0)
21/01/30 21:02:29 INFO DAGScheduler: Missing parents: List()
21/01/30 21:02:29 INFO DAGScheduler: Submitting ResultStage 1 (MapPartitionsRDD[5] at count at utils.scala:114), which has no missing parents
21/01/30 21:02:29 INFO MemoryStore: Block broadcast_0 stored as values in memory (estimated size 10.1 KiB, free 1048.8 MiB)
21/01/30 21:02:29 INFO MemoryStore: Block broadcast_0_piece0 stored as bytes in memory (estimated size 5.0 KiB, free 1048.8 MiB)
21/01/30 21:02:29 INFO BlockManagerInfo: Added broadcast_0_piece0 in memory on localhost:36011 (size: 5.0 KiB, free: 1048.8 MiB)
21/01/30 21:02:29 INFO SparkContext: Created broadcast 0 from broadcast at DAGScheduler.scala:1200
21/01/30 21:02:29 INFO DAGScheduler: Submitting 1 missing tasks from ResultStage 1 (MapPartitionsRDD[5] at count at utils.scala:114) (first 15 tasks are for partitions Vector(0))
21/01/30 21:02:29 INFO TaskSchedulerImpl: Adding task set 1.0 with 1 tasks
21/01/30 21:02:29 INFO TaskSetManager: Starting task 0.0 in stage 1.0 (TID 0, localhost, executor driver, partition 0, PROCESS_LOCAL, 7325 bytes)
21/01/30 21:02:29 INFO Executor: Running task 0.0 in stage 1.0 (TID 0)
21/01/30 21:02:29 INFO Executor: Fetching spark://localhost:42625/jars/sparklyr-3.0-2.12.jar with timestamp 1612036937617
21/01/30 21:02:29 INFO TransportClientFactory: Successfully created connection to localhost/127.0.0.1:42625 after 38 ms (0 ms spent in bootstraps)
21/01/30 21:02:29 INFO Utils: Fetching spark://localhost:42625/jars/sparklyr-3.0-2.12.jar to /tmp/spark-0d0edcb0-a8e9-4408-a4b8-0734bb2ec693/userFiles-6a27b4b3-beba-4a12-9702-1eaeb99d59be/fetchFileTemp9155952688662768031.tmp
21/01/30 21:02:29 INFO Executor: Adding file:/tmp/spark-0d0edcb0-a8e9-4408-a4b8-0734bb2ec693/userFiles-6a27b4b3-beba-4a12-9702-1eaeb99d59be/sparklyr-3.0-2.12.jar to class loader
21/01/30 21:02:30 INFO ShuffleBlockFetcherIterator: Getting 0 (0.0 B) non-empty blocks including 0 (0.0 B) local and 0 (0.0 B) host-local and 0 (0.0 B) remote blocks
21/01/30 21:02:30 INFO ShuffleBlockFetcherIterator: Started 0 remote fetches in 11 ms
21/01/30 21:02:30 INFO Executor: Finished task 0.0 in stage 1.0 (TID 0). 2727 bytes result sent to driver
21/01/30 21:02:30 INFO TaskSetManager: Finished task 0.0 in stage 1.0 (TID 0) in 665 ms on localhost (executor driver) (1/1)
21/01/30 21:02:30 INFO TaskSchedulerImpl: Removed TaskSet 1.0, whose tasks have all completed, from pool 
21/01/30 21:02:30 INFO DAGScheduler: ResultStage 1 (count at utils.scala:114) finished in 1,030 s
21/01/30 21:02:30 INFO DAGScheduler: Job 0 is finished. Cancelling potential speculative or zombie tasks for this job
21/01/30 21:02:30 INFO TaskSchedulerImpl: Killing all running tasks in stage 1: Stage finished
21/01/30 21:02:30 INFO DAGScheduler: Job 0 finished: count at utils.scala:114, took 1,125155 s
21/01/30 21:09:05 INFO SparkContext: Invoking stop() from shutdown hook
21/01/30 21:09:05 INFO SparkUI: Stopped Spark web UI at http://localhost:4040
21/01/30 21:09:05 INFO MapOutputTrackerMasterEndpoint: MapOutputTrackerMasterEndpoint stopped!
21/01/30 21:09:05 INFO MemoryStore: MemoryStore cleared
21/01/30 21:09:05 INFO BlockManager: BlockManager stopped
21/01/30 21:09:05 INFO BlockManagerMaster: BlockManagerMaster stopped
21/01/30 21:09:05 INFO OutputCommitCoordinator$OutputCommitCoordinatorEndpoint: OutputCommitCoordinator stopped!
21/01/30 21:09:05 INFO SparkContext: Successfully stopped SparkContext
21/01/30 21:09:05 INFO ShutdownHookManager: Shutdown hook called
21/01/30 21:09:05 INFO ShutdownHookManager: Deleting directory /tmp/spark-e6a9c5b3-2528-4f7e-b396-94569112e43a
21/01/30 21:09:05 INFO ShutdownHookManager: Deleting directory /tmp/spark-0d0edcb0-a8e9-4408-a4b8-0734bb2ec693
